[2012-12-22 12:56:14] markme.INFO: Matched route "_name" (parameters: "_controller": "App\Controller\IndexController::index", "name": "Silex", "_route": "_name") [] []
[2012-12-22 12:56:14] markme.INFO: > GET / [] []
[2012-12-22 12:56:14] markme.INFO: < 200 [] []
[2012-12-22 12:56:16] markme.INFO: Matched route "GET_image" (parameters: "_controller": "App\Controller\ImageController::getByUrl", "_route": "GET_image") [] []
[2012-12-22 12:56:16] markme.INFO: > GET /image?url=http://stackoverflow.com/ [] []
[2012-12-22 12:56:16] markme.INFO: Matched route "GET_image" (parameters: "_controller": "App\Controller\ImageController::getByUrl", "_route": "GET_image") [] []
[2012-12-22 12:56:16] markme.INFO: > GET /image?url=http://www.nbcnews.com/ [] []
[2012-12-22 12:56:16] markme.INFO: Matched route "GET_image" (parameters: "_controller": "App\Controller\ImageController::getByUrl", "_route": "GET_image") [] []
[2012-12-22 12:56:16] markme.INFO: > GET /image?url=http://techcrunch.com/ [] []
[2012-12-22 12:56:16] markme.INFO: Matched route "GET_image" (parameters: "_controller": "App\Controller\ImageController::getByUrl", "_route": "GET_image") [] []
[2012-12-22 12:56:16] markme.INFO: > GET /image?url=http://www.business2community.com/ [] []
[2012-12-22 12:56:17] markme.INFO: service \App\Services\WebScreenGrabber\RobothumbScreenGraber is UP for image delivery for url http://techcrunch.com/ [] []
[2012-12-22 12:56:17] markme.INFO: Array
(
    [HTTP/1.1 200 OK] => 
    [Server] =>  nginx
    [Date] =>  Sat, 22 Dec 2012 11:56:21 GMT
    [Content-Type] =>  text/html; charset=utf-8
    [Connection] =>  close
)
 [] []
[2012-12-22 12:56:17] markme.INFO: < 200 [] []
[2012-12-22 12:56:17] markme.INFO: service \App\Services\WebScreenGrabber\RobothumbScreenGraber is UP for image delivery for url http://stackoverflow.com/ [] []
[2012-12-22 12:56:17] markme.INFO: Array
(
    [HTTP/1.1 200 OK] => 
    [Server] =>  nginx
    [Date] =>  Sat, 22 Dec 2012 11:56:21 GMT
    [Content-Type] =>  text/html; charset=utf-8
    [Connection] =>  close
)
 [] []
[2012-12-22 12:56:17] markme.INFO: < 200 [] []
[2012-12-22 12:56:17] markme.INFO: service \App\Services\WebScreenGrabber\RobothumbScreenGraber is UP for image delivery for url http://www.nbcnews.com/ [] []
[2012-12-22 12:56:17] markme.INFO: Array
(
    [HTTP/1.1 200 OK] => 
    [Server] =>  nginx
    [Date] =>  Sat, 22 Dec 2012 11:56:21 GMT
    [Content-Type] =>  text/html; charset=utf-8
    [Connection] =>  close
)
 [] []
[2012-12-22 12:56:17] markme.INFO: < 200 [] []
[2012-12-22 12:56:17] markme.INFO: service \App\Services\WebScreenGrabber\RobothumbScreenGraber is UP for image delivery for url http://www.business2community.com/ [] []
[2012-12-22 12:56:17] markme.INFO: Array
(
    [HTTP/1.1 200 OK] => 
    [Server] =>  nginx
    [Date] =>  Sat, 22 Dec 2012 11:56:21 GMT
    [Content-Type] =>  text/html; charset=utf-8
    [Connection] =>  close
)
 [] []
[2012-12-22 12:56:17] markme.INFO: < 200 [] []
[2012-12-22 12:56:48] markme.INFO: Matched route "_name" (parameters: "_controller": "App\Controller\IndexController::index", "name": "Silex", "_route": "_name") [] []
[2012-12-22 12:56:48] markme.INFO: > GET / [] []
[2012-12-22 12:56:48] markme.INFO: < 200 [] []
[2012-12-22 12:56:49] markme.INFO: Matched route "GET_image" (parameters: "_controller": "App\Controller\ImageController::getByUrl", "_route": "GET_image") [] []
[2012-12-22 12:56:49] markme.INFO: > GET /image?url=http://stackoverflow.com/ [] []
[2012-12-22 12:56:49] markme.INFO: Matched route "GET_image" (parameters: "_controller": "App\Controller\ImageController::getByUrl", "_route": "GET_image") [] []
[2012-12-22 12:56:49] markme.INFO: > GET /image?url=http://www.nbcnews.com/ [] []
[2012-12-22 12:56:49] markme.INFO: Matched route "GET_image" (parameters: "_controller": "App\Controller\ImageController::getByUrl", "_route": "GET_image") [] []
[2012-12-22 12:56:49] markme.INFO: > GET /image?url=http://techcrunch.com/ [] []
[2012-12-22 12:56:49] markme.INFO: Matched route "GET_image" (parameters: "_controller": "App\Controller\ImageController::getByUrl", "_route": "GET_image") [] []
[2012-12-22 12:56:49] markme.INFO: > GET /image?url=http://www.business2community.com/ [] []
[2012-12-22 12:56:49] markme.INFO: service \App\Services\WebScreenGrabber\RobothumbScreenGraber is UP for image delivery for url http://stackoverflow.com/ [] []
[2012-12-22 12:56:49] markme.INFO: Array
(
    [HTTP/1.1 200 OK] => 
    [Server] =>  nginx
    [Date] =>  Sat, 22 Dec 2012 11:56:54 GMT
    [Content-Type] =>  text/html; charset=utf-8
    [Connection] =>  close
)
 [] []
[2012-12-22 12:56:49] markme.INFO: < 200 [] []
[2012-12-22 12:56:49] markme.INFO: service \App\Services\WebScreenGrabber\RobothumbScreenGraber is UP for image delivery for url http://www.business2community.com/ [] []
[2012-12-22 12:56:49] markme.INFO: Array
(
    [HTTP/1.1 200 OK] => 
    [Server] =>  nginx
    [Date] =>  Sat, 22 Dec 2012 11:56:54 GMT
    [Content-Type] =>  text/html; charset=utf-8
    [Connection] =>  close
)
 [] []
[2012-12-22 12:56:49] markme.INFO: < 200 [] []
[2012-12-22 12:56:49] markme.INFO: service \App\Services\WebScreenGrabber\RobothumbScreenGraber is UP for image delivery for url http://techcrunch.com/ [] []
[2012-12-22 12:56:49] markme.INFO: Array
(
    [HTTP/1.1 200 OK] => 
    [Server] =>  nginx
    [Date] =>  Sat, 22 Dec 2012 11:56:54 GMT
    [Content-Type] =>  text/html; charset=utf-8
    [Connection] =>  close
)
 [] []
[2012-12-22 12:56:49] markme.INFO: < 200 [] []
[2012-12-22 12:56:49] markme.INFO: service \App\Services\WebScreenGrabber\RobothumbScreenGraber is UP for image delivery for url http://www.nbcnews.com/ [] []
[2012-12-22 12:56:49] markme.INFO: Array
(
    [HTTP/1.1 200 OK] => 
    [Server] =>  nginx
    [Date] =>  Sat, 22 Dec 2012 11:56:54 GMT
    [Content-Type] =>  text/html; charset=utf-8
    [Connection] =>  close
)
 [] []
[2012-12-22 12:56:49] markme.INFO: < 200 [] []
[2012-12-22 12:56:52] markme.INFO: Matched route "_name" (parameters: "_controller": "App\Controller\IndexController::index", "name": "Silex", "_route": "_name") [] []
[2012-12-22 12:56:52] markme.INFO: > GET / [] []
[2012-12-22 12:56:52] markme.INFO: < 200 [] []
[2012-12-22 12:56:53] markme.INFO: Matched route "GET_image" (parameters: "_controller": "App\Controller\ImageController::getByUrl", "_route": "GET_image") [] []
[2012-12-22 12:56:53] markme.INFO: > GET /image?url=http://www.nbcnews.com/ [] []
[2012-12-22 12:56:53] markme.INFO: Matched route "GET_image" (parameters: "_controller": "App\Controller\ImageController::getByUrl", "_route": "GET_image") [] []
[2012-12-22 12:56:53] markme.INFO: > GET /image?url=http://stackoverflow.com/ [] []
[2012-12-22 12:56:53] markme.INFO: Matched route "GET_image" (parameters: "_controller": "App\Controller\ImageController::getByUrl", "_route": "GET_image") [] []
[2012-12-22 12:56:53] markme.INFO: > GET /image?url=http://www.business2community.com/ [] []
[2012-12-22 12:56:53] markme.INFO: Matched route "GET_image" (parameters: "_controller": "App\Controller\ImageController::getByUrl", "_route": "GET_image") [] []
[2012-12-22 12:56:53] markme.INFO: > GET /image?url=http://techcrunch.com/ [] []
[2012-12-22 12:56:53] markme.INFO: service \App\Services\WebScreenGrabber\RobothumbScreenGraber is UP for image delivery for url http://stackoverflow.com/ [] []
[2012-12-22 12:56:53] markme.INFO: Array
(
    [HTTP/1.1 200 OK] => 
    [Server] =>  nginx
    [Date] =>  Sat, 22 Dec 2012 11:56:58 GMT
    [Content-Type] =>  text/html; charset=utf-8
    [Connection] =>  close
)
 [] []
[2012-12-22 12:56:53] markme.INFO: < 200 [] []
[2012-12-22 12:56:53] markme.INFO: service \App\Services\WebScreenGrabber\RobothumbScreenGraber is UP for image delivery for url http://www.business2community.com/ [] []
[2012-12-22 12:56:53] markme.INFO: Array
(
    [HTTP/1.1 200 OK] => 
    [Server] =>  nginx
    [Date] =>  Sat, 22 Dec 2012 11:56:58 GMT
    [Content-Type] =>  text/html; charset=utf-8
    [Connection] =>  close
)
 [] []
[2012-12-22 12:56:53] markme.INFO: < 200 [] []
[2012-12-22 12:56:53] markme.INFO: service \App\Services\WebScreenGrabber\RobothumbScreenGraber is UP for image delivery for url http://www.nbcnews.com/ [] []
[2012-12-22 12:56:53] markme.INFO: Array
(
    [HTTP/1.1 200 OK] => 
    [Server] =>  nginx
    [Date] =>  Sat, 22 Dec 2012 11:56:58 GMT
    [Content-Type] =>  text/html; charset=utf-8
    [Connection] =>  close
)
 [] []
[2012-12-22 12:56:53] markme.INFO: < 200 [] []
[2012-12-22 12:56:53] markme.INFO: service \App\Services\WebScreenGrabber\RobothumbScreenGraber is UP for image delivery for url http://techcrunch.com/ [] []
[2012-12-22 12:56:53] markme.INFO: Array
(
    [HTTP/1.1 200 OK] => 
    [Server] =>  nginx
    [Date] =>  Sat, 22 Dec 2012 11:56:58 GMT
    [Content-Type] =>  text/html; charset=utf-8
    [Connection] =>  close
)
 [] []
[2012-12-22 12:56:53] markme.INFO: < 200 [] []
[2012-12-22 12:57:09] markme.INFO: Matched route "_name" (parameters: "_controller": "App\Controller\IndexController::index", "name": "Silex", "_route": "_name") [] []
[2012-12-22 12:57:09] markme.INFO: > GET / [] []
[2012-12-22 12:57:09] markme.INFO: < 200 [] []
[2012-12-22 12:57:10] markme.INFO: Matched route "GET_image" (parameters: "_controller": "App\Controller\ImageController::getByUrl", "_route": "GET_image") [] []
[2012-12-22 12:57:10] markme.INFO: > GET /image?url=http://www.nbcnews.com/ [] []
[2012-12-22 12:57:10] markme.INFO: Matched route "GET_image" (parameters: "_controller": "App\Controller\ImageController::getByUrl", "_route": "GET_image") [] []
[2012-12-22 12:57:10] markme.INFO: > GET /image?url=http://stackoverflow.com/ [] []
[2012-12-22 12:57:10] markme.INFO: Matched route "GET_image" (parameters: "_controller": "App\Controller\ImageController::getByUrl", "_route": "GET_image") [] []
[2012-12-22 12:57:10] markme.INFO: > GET /image?url=http://techcrunch.com/ [] []
[2012-12-22 12:57:10] markme.INFO: Matched route "GET_image" (parameters: "_controller": "App\Controller\ImageController::getByUrl", "_route": "GET_image") [] []
[2012-12-22 12:57:10] markme.INFO: > GET /image?url=http://www.business2community.com/ [] []
[2012-12-22 12:57:10] markme.INFO: service \App\Services\WebScreenGrabber\RobothumbScreenGraber is UP for image delivery for url http://www.nbcnews.com/ [] []
[2012-12-22 12:57:10] markme.INFO: Array
(
    [HTTP/1.1 200 OK] => 
    [Server] =>  nginx
    [Date] =>  Sat, 22 Dec 2012 11:57:15 GMT
    [Content-Type] =>  text/html; charset=utf-8
    [Connection] =>  close
)
 [] []
[2012-12-22 12:57:10] markme.INFO: < 200 [] []
[2012-12-22 12:57:10] markme.INFO: service \App\Services\WebScreenGrabber\RobothumbScreenGraber is UP for image delivery for url http://techcrunch.com/ [] []
[2012-12-22 12:57:10] markme.INFO: Array
(
    [HTTP/1.1 200 OK] => 
    [Server] =>  nginx
    [Date] =>  Sat, 22 Dec 2012 11:57:15 GMT
    [Content-Type] =>  text/html; charset=utf-8
    [Connection] =>  close
)
 [] []
[2012-12-22 12:57:10] markme.INFO: < 200 [] []
[2012-12-22 12:57:10] markme.INFO: service \App\Services\WebScreenGrabber\RobothumbScreenGraber is UP for image delivery for url http://stackoverflow.com/ [] []
[2012-12-22 12:57:10] markme.INFO: Array
(
    [HTTP/1.1 200 OK] => 
    [Server] =>  nginx
    [Date] =>  Sat, 22 Dec 2012 11:57:15 GMT
    [Content-Type] =>  text/html; charset=utf-8
    [Connection] =>  close
)
 [] []
[2012-12-22 12:57:10] markme.INFO: < 200 [] []
[2012-12-22 12:57:10] markme.INFO: service \App\Services\WebScreenGrabber\RobothumbScreenGraber is UP for image delivery for url http://www.business2community.com/ [] []
[2012-12-22 12:57:10] markme.INFO: Array
(
    [HTTP/1.1 200 OK] => 
    [Server] =>  nginx
    [Date] =>  Sat, 22 Dec 2012 11:57:15 GMT
    [Content-Type] =>  text/html; charset=utf-8
    [Connection] =>  close
)
 [] []
[2012-12-22 12:57:10] markme.INFO: < 200 [] []
[2012-12-22 12:57:38] markme.INFO: Matched route "_name" (parameters: "_controller": "App\Controller\IndexController::index", "name": "Silex", "_route": "_name") [] []
[2012-12-22 12:57:38] markme.INFO: > GET / [] []
[2012-12-22 12:57:38] markme.INFO: < 200 [] []
[2012-12-22 12:57:39] markme.INFO: Matched route "GET_image" (parameters: "_controller": "App\Controller\ImageController::getByUrl", "_route": "GET_image") [] []
[2012-12-22 12:57:39] markme.INFO: > GET /image?url=http://stackoverflow.com/ [] []
[2012-12-22 12:57:39] markme.INFO: Matched route "GET_image" (parameters: "_controller": "App\Controller\ImageController::getByUrl", "_route": "GET_image") [] []
[2012-12-22 12:57:39] markme.INFO: > GET /image?url=http://www.business2community.com/ [] []
[2012-12-22 12:57:39] markme.INFO: Matched route "GET_image" (parameters: "_controller": "App\Controller\ImageController::getByUrl", "_route": "GET_image") [] []
[2012-12-22 12:57:39] markme.INFO: > GET /image?url=http://www.nbcnews.com/ [] []
[2012-12-22 12:57:39] markme.INFO: Matched route "GET_image" (parameters: "_controller": "App\Controller\ImageController::getByUrl", "_route": "GET_image") [] []
[2012-12-22 12:57:39] markme.INFO: > GET /image?url=http://techcrunch.com/ [] []
[2012-12-22 12:57:43] markme.INFO: service \App\Services\WebScreenGrabber\WimgCaScreenGrabber is UP for image delivery for url http://stackoverflow.com/ [] []
[2012-12-22 12:57:43] markme.INFO: Array
(
    [HTTP/1.1 200 OK] => 
    [Date] =>  Sat, 22 Dec 2012 11:57:29 GMT
    [Server] =>  Apache/2.2.22 (Ubuntu)
    [X-Powered-By] =>  PHP/5.3.10-1ubuntu3.3
    [Content-Type] =>  image/png
)
 [] []
[2012-12-22 12:57:43] markme.INFO: < 200 [] []
[2012-12-22 12:57:43] markme.INFO: service \App\Services\WebScreenGrabber\WimgCaScreenGrabber is UP for image delivery for url http://techcrunch.com/ [] []
[2012-12-22 12:57:43] markme.INFO: Array
(
    [HTTP/1.1 200 OK] => 
    [Date] =>  Sat, 22 Dec 2012 11:57:29 GMT
    [Server] =>  Apache/2.2.22 (Ubuntu)
    [X-Powered-By] =>  PHP/5.3.10-1ubuntu3.3
    [Content-Type] =>  image/png
)
 [] []
[2012-12-22 12:57:43] markme.INFO: < 200 [] []
[2012-12-22 12:57:43] markme.INFO: service \App\Services\WebScreenGrabber\WimgCaScreenGrabber is UP for image delivery for url http://www.business2community.com/ [] []
[2012-12-22 12:57:43] markme.INFO: Array
(
    [HTTP/1.1 200 OK] => 
    [Date] =>  Sat, 22 Dec 2012 11:57:29 GMT
    [Server] =>  Apache/2.2.22 (Ubuntu)
    [X-Powered-By] =>  PHP/5.3.10-1ubuntu3.3
    [Content-Type] =>  image/png
)
 [] []
[2012-12-22 12:57:43] markme.INFO: < 200 [] []
[2012-12-22 12:57:43] markme.INFO: service \App\Services\WebScreenGrabber\WimgCaScreenGrabber is UP for image delivery for url http://www.nbcnews.com/ [] []
[2012-12-22 12:57:43] markme.INFO: Array
(
    [HTTP/1.1 200 OK] => 
    [Date] =>  Sat, 22 Dec 2012 11:57:29 GMT
    [Server] =>  Apache/2.2.22 (Ubuntu)
    [X-Powered-By] =>  PHP/5.3.10-1ubuntu3.3
    [Content-Type] =>  image/png
)
 [] []
[2012-12-22 12:57:43] markme.INFO: < 200 [] []
[2012-12-22 12:58:16] markme.INFO: Matched route "_name" (parameters: "_controller": "App\Controller\IndexController::index", "name": "Silex", "_route": "_name") [] []
[2012-12-22 12:58:16] markme.INFO: > GET / [] []
[2012-12-22 12:58:16] markme.INFO: < 200 [] []
[2012-12-22 12:58:16] markme.INFO: Matched route "GET_image" (parameters: "_controller": "App\Controller\ImageController::getByUrl", "_route": "GET_image") [] []
[2012-12-22 12:58:16] markme.INFO: > GET /image?url=http://www.nbcnews.com/ [] []
[2012-12-22 12:58:16] markme.INFO: Matched route "GET_image" (parameters: "_controller": "App\Controller\ImageController::getByUrl", "_route": "GET_image") [] []
[2012-12-22 12:58:16] markme.INFO: > GET /image?url=http://www.business2community.com/ [] []
[2012-12-22 12:58:16] markme.INFO: Matched route "GET_image" (parameters: "_controller": "App\Controller\ImageController::getByUrl", "_route": "GET_image") [] []
[2012-12-22 12:58:16] markme.INFO: > GET /image?url=http://techcrunch.com/ [] []
[2012-12-22 12:58:16] markme.INFO: Matched route "GET_image" (parameters: "_controller": "App\Controller\ImageController::getByUrl", "_route": "GET_image") [] []
[2012-12-22 12:58:16] markme.INFO: > GET /image?url=http://stackoverflow.com/ [] []
[2012-12-22 12:58:20] markme.INFO: service \App\Services\WebScreenGrabber\WimgCaScreenGrabber is UP for image delivery for url http://www.business2community.com/ [] []
[2012-12-22 12:58:20] markme.INFO: Array
(
    [HTTP/1.1 200 OK] => 
    [Date] =>  Sat, 22 Dec 2012 11:58:07 GMT
    [Server] =>  Apache/2.2.22 (Ubuntu)
    [X-Powered-By] =>  PHP/5.3.10-1ubuntu3.3
    [Content-Type] =>  image/png
)
 [] []
[2012-12-22 12:58:20] markme.INFO: < 200 [] []
[2012-12-22 12:58:20] markme.INFO: service \App\Services\WebScreenGrabber\WimgCaScreenGrabber is UP for image delivery for url http://techcrunch.com/ [] []
[2012-12-22 12:58:20] markme.INFO: Array
(
    [HTTP/1.1 200 OK] => 
    [Date] =>  Sat, 22 Dec 2012 11:58:07 GMT
    [Server] =>  Apache/2.2.22 (Ubuntu)
    [X-Powered-By] =>  PHP/5.3.10-1ubuntu3.3
    [Content-Type] =>  image/png
)
 [] []
[2012-12-22 12:58:20] markme.INFO: < 200 [] []
[2012-12-22 12:58:20] markme.INFO: service \App\Services\WebScreenGrabber\WimgCaScreenGrabber is UP for image delivery for url http://www.nbcnews.com/ [] []
[2012-12-22 12:58:20] markme.INFO: Array
(
    [HTTP/1.1 200 OK] => 
    [Date] =>  Sat, 22 Dec 2012 11:58:07 GMT
    [Server] =>  Apache/2.2.22 (Ubuntu)
    [X-Powered-By] =>  PHP/5.3.10-1ubuntu3.3
    [Content-Type] =>  image/png
)
 [] []
[2012-12-22 12:58:20] markme.INFO: service \App\Services\WebScreenGrabber\WimgCaScreenGrabber is UP for image delivery for url http://stackoverflow.com/ [] []
[2012-12-22 12:58:20] markme.INFO: < 200 [] []
[2012-12-22 12:58:20] markme.INFO: Array
(
    [HTTP/1.1 200 OK] => 
    [Date] =>  Sat, 22 Dec 2012 11:58:07 GMT
    [Server] =>  Apache/2.2.22 (Ubuntu)
    [X-Powered-By] =>  PHP/5.3.10-1ubuntu3.3
    [Content-Type] =>  image/png
)
 [] []
[2012-12-22 12:58:20] markme.INFO: < 200 [] []
[2012-12-22 13:01:55] markme.INFO: Matched route "_name" (parameters: "_controller": "App\Controller\IndexController::index", "name": "Silex", "_route": "_name") [] []
[2012-12-22 13:01:55] markme.INFO: > GET / [] []
[2012-12-22 13:01:55] markme.INFO: < 200 [] []
[2012-12-22 13:01:55] markme.INFO: Matched route "GET_image" (parameters: "_controller": "App\Controller\ImageController::getByUrl", "_route": "GET_image") [] []
[2012-12-22 13:01:55] markme.INFO: > GET /image?url=http://stackoverflow.com/ [] []
[2012-12-22 13:01:59] markme.INFO: service \App\Services\WebScreenGrabber\WimgCaScreenGrabber is UP for image delivery for url http://stackoverflow.com/ [] []
[2012-12-22 13:01:59] markme.INFO: Array
(
    [HTTP/1.1 200 OK] => 
    [Date] =>  Sat, 22 Dec 2012 12:01:46 GMT
    [Server] =>  Apache/2.2.22 (Ubuntu)
    [X-Powered-By] =>  PHP/5.3.10-1ubuntu3.3
    [Content-Type] =>  image/png
)
 [] []
[2012-12-22 13:01:59] markme.INFO: < 200 [] []
[2012-12-22 13:01:59] markme.INFO: Matched route "GET_image" (parameters: "_controller": "App\Controller\ImageController::getByUrl", "_route": "GET_image") [] []
[2012-12-22 13:01:59] markme.INFO: > GET /image?url=http://www.nbcnews.com/ [] []
[2012-12-22 13:02:01] markme.INFO: Matched route "GET_image" (parameters: "_controller": "App\Controller\ImageController::getByUrl", "_route": "GET_image") [] []
[2012-12-22 13:02:01] markme.INFO: > GET /image?url=http://techcrunch.com/ [] []
[2012-12-22 13:02:01] markme.INFO: Matched route "GET_image" (parameters: "_controller": "App\Controller\ImageController::getByUrl", "_route": "GET_image") [] []
[2012-12-22 13:02:01] markme.INFO: > GET /image?url=http://www.business2community.com/ [] []
[2012-12-22 13:02:03] markme.INFO: service \App\Services\WebScreenGrabber\WimgCaScreenGrabber is UP for image delivery for url http://www.nbcnews.com/ [] []
[2012-12-22 13:02:03] markme.INFO: Array
(
    [HTTP/1.1 200 OK] => 
    [Date] =>  Sat, 22 Dec 2012 12:01:49 GMT
    [Server] =>  Apache/2.2.22 (Ubuntu)
    [X-Powered-By] =>  PHP/5.3.10-1ubuntu3.3
    [Content-Type] =>  image/png
)
 [] []
[2012-12-22 13:02:03] markme.INFO: < 200 [] []
[2012-12-22 13:02:05] markme.INFO: service \App\Services\WebScreenGrabber\WimgCaScreenGrabber is UP for image delivery for url http://techcrunch.com/ [] []
[2012-12-22 13:02:05] markme.INFO: Array
(
    [HTTP/1.1 200 OK] => 
    [Date] =>  Sat, 22 Dec 2012 12:01:52 GMT
    [Server] =>  Apache/2.2.22 (Ubuntu)
    [X-Powered-By] =>  PHP/5.3.10-1ubuntu3.3
    [Content-Type] =>  image/png
)
 [] []
[2012-12-22 13:02:05] markme.INFO: service \App\Services\WebScreenGrabber\WimgCaScreenGrabber is UP for image delivery for url http://www.business2community.com/ [] []
[2012-12-22 13:02:05] markme.INFO: Array
(
    [HTTP/1.1 200 OK] => 
    [Date] =>  Sat, 22 Dec 2012 12:01:52 GMT
    [Server] =>  Apache/2.2.22 (Ubuntu)
    [X-Powered-By] =>  PHP/5.3.10-1ubuntu3.3
    [Content-Type] =>  image/png
)
 [] []
[2012-12-22 13:02:05] markme.INFO: < 200 [] []
[2012-12-22 13:02:05] markme.INFO: < 200 [] []
