[2012-09-05 18:39:40] myapp.INFO: Application configured. [] []
[2012-09-05 18:39:40] myapp.INFO: > GET / [] []
[2012-09-05 18:39:40] myapp.INFO: < 200 [] []
[2012-09-05 18:45:09] myapp.INFO: Application configured. [] []
[2012-09-05 18:45:09] myapp.INFO: > GET / [] []
[2012-09-05 18:45:09] myapp.INFO: < 200 [] []
[2012-09-06 01:28:17] myapp.INFO: Application configured. [] []
[2012-09-06 01:28:19] myapp.INFO: > GET / [] []
[2012-09-06 01:28:19] myapp.INFO: < 200 [] []
[2012-09-06 01:33:19] myapp.INFO: Application configured. [] []
[2012-09-06 01:33:19] myapp.INFO: > GET / [] []
[2012-09-06 01:33:19] myapp.INFO: < 200 [] []
[2012-09-06 02:23:24] myapp.INFO: Application configured. [] []
[2012-09-06 02:23:24] myapp.INFO: > GET / [] []
[2012-09-06 02:23:24] myapp.INFO: < 200 [] []
[2012-09-06 03:04:50] myapp.INFO: Application configured. [] []
[2012-09-06 03:04:50] myapp.INFO: > GET / [] []
[2012-09-06 03:04:50] myapp.INFO: < 200 [] []
[2012-09-06 03:04:55] myapp.INFO: Application configured. [] []
[2012-09-06 03:04:55] myapp.INFO: > GET /marc [] []
[2012-09-06 03:04:55] myapp.INFO: < 200 [] []
[2012-09-06 03:04:59] myapp.INFO: Application configured. [] []
[2012-09-06 03:04:59] myapp.INFO: > GET /info [] []
[2012-09-06 03:04:59] myapp.INFO: < 200 [] []
[2012-09-06 03:06:03] myapp.INFO: Application configured. [] []
[2012-09-06 03:06:03] myapp.INFO: > GET /info [] []
[2012-09-06 03:06:03] myapp.INFO: < 200 [] []
[2012-09-06 03:06:25] myapp.INFO: Application configured. [] []
[2012-09-06 03:06:25] myapp.INFO: > GET /info [] []
[2012-09-06 03:06:26] myapp.INFO: < 200 [] []
[2012-09-06 11:46:00] myapp.INFO: Application configured. [] []
[2012-09-06 11:46:00] myapp.INFO: > GET / [] []
[2012-09-06 11:46:00] myapp.INFO: < 200 [] []
[2012-09-06 11:49:34] myapp.INFO: Application configured. [] []
[2012-09-06 11:49:34] myapp.INFO: > GET / [] []
[2012-09-06 11:49:34] myapp.INFO: < 200 [] []
[2012-09-06 12:26:43] myapp.INFO: Application configured. [] []
[2012-09-06 12:26:43] myapp.INFO: > GET /log [] []
[2012-09-06 12:27:12] myapp.INFO: Application configured. [] []
[2012-09-06 12:27:12] myapp.INFO: > GET /log [] []
[2012-09-06 12:27:12] myapp.INFO: < 200 [] []
[2012-09-06 12:53:07] myapp.INFO: > GET / [] []
[2012-09-06 12:53:07] myapp.INFO: < 200 [] []
[2012-09-06 13:04:52] myapp.INFO: > GET / [] []
[2012-09-06 13:04:52] myapp.INFO: < 200 [] []
